<?xml version="1.0" encoding="UTF-8"?>
<!-- Generated by org.testng.reporters.JUnitXMLReporter -->
<testsuite ignored="5" hostname="ashutosh-Vostro-3480" failures="2" tests="2" name="Default test(failed)" time="27.222" errors="0" timestamp="2020-09-11T15:26:56 IST">
  <testcase classname="com.courier91.script.TestC91" name="test_ScanTab_Functionality_Thorough_GlobalScanner" time="6.251">
    <failure type="org.openqa.selenium.ElementClickInterceptedException" message="element click intercepted: Element &amp;lt;span data-v-eb9d6b60=&amp;quot;&amp;quot; class=&amp;quot;icon-Btn close-pop&amp;quot;&amp;gt;...&amp;lt;/span&amp;gt; is not clickable at point (693, 16). Other element would receive the click: &amp;lt;div data-v-89a92d88=&amp;quot;&amp;quot; data-v-a8c1a69e=&amp;quot;&amp;quot; class=&amp;quot;loading&amp;quot;&amp;gt;...&amp;lt;/div&amp;gt;
  (Session info: chrome=81.0.4044.92)
Build info: version: &amp;apos;3.141.59&amp;apos;, revision: &amp;apos;e82be7d358&amp;apos;, time: &amp;apos;2018-11-14T08:17:03&amp;apos;
System info: host: &amp;apos;ashutosh-Vostro-3480&amp;apos;, ip: &amp;apos;127.0.1.1&amp;apos;, os.name: &amp;apos;Linux&amp;apos;, os.arch: &amp;apos;amd64&amp;apos;, os.version: &amp;apos;4.15.0-1079-oem&amp;apos;, java.version: &amp;apos;11.0.6&amp;apos;
Driver info: org.openqa.selenium.chrome.ChromeDriver
Capabilities {acceptInsecureCerts: false, browserName: chrome, browserVersion: 81.0.4044.92, chrome: {chromedriverVersion: 80.0.3987.106 (f68069574609..., userDataDir: /tmp/.com.google.Chrome.gfjZX2}, goog:chromeOptions: {debuggerAddress: localhost:42927}, javascriptEnabled: true, networkConnectionEnabled: false, pageLoadStrategy: normal, platform: LINUX, platformName: LINUX, proxy: Proxy(), setWindowRect: true, strictFileInteractability: false, timeouts: {implicit: 0, pageLoad: 300000, script: 30000}, unhandledPromptBehavior: dismiss and notify}
Session ID: e55050159bd4463973ffe13c6b334008">
      <![CDATA[org.openqa.selenium.ElementClickInterceptedException: element click intercepted: Element <span data-v-eb9d6b60="" class="icon-Btn close-pop">...</span> is not clickable at point (693, 16). Other element would receive the click: <div data-v-89a92d88="" data-v-a8c1a69e="" class="loading">...</div>
  (Session info: chrome=81.0.4044.92)
Build info: version: '3.141.59', revision: 'e82be7d358', time: '2018-11-14T08:17:03'
System info: host: 'ashutosh-Vostro-3480', ip: '127.0.1.1', os.name: 'Linux', os.arch: 'amd64', os.version: '4.15.0-1079-oem', java.version: '11.0.6'
Driver info: org.openqa.selenium.chrome.ChromeDriver
Capabilities {acceptInsecureCerts: false, browserName: chrome, browserVersion: 81.0.4044.92, chrome: {chromedriverVersion: 80.0.3987.106 (f68069574609..., userDataDir: /tmp/.com.google.Chrome.gfjZX2}, goog:chromeOptions: {debuggerAddress: localhost:42927}, javascriptEnabled: true, networkConnectionEnabled: false, pageLoadStrategy: normal, platform: LINUX, platformName: LINUX, proxy: Proxy(), setWindowRect: true, strictFileInteractability: false, timeouts: {implicit: 0, pageLoad: 300000, script: 30000}, unhandledPromptBehavior: dismiss and notify}
Session ID: e55050159bd4463973ffe13c6b334008
at org.openqa.selenium.remote.http.W3CHttpResponseCodec.createException(W3CHttpResponseCodec.java:187)
at org.openqa.selenium.remote.http.W3CHttpResponseCodec.decode(W3CHttpResponseCodec.java:122)
at org.openqa.selenium.remote.http.W3CHttpResponseCodec.decode(W3CHttpResponseCodec.java:49)
at org.openqa.selenium.remote.HttpCommandExecutor.execute(HttpCommandExecutor.java:158)
at org.openqa.selenium.remote.service.DriverCommandExecutor.execute(DriverCommandExecutor.java:83)
at org.openqa.selenium.remote.RemoteWebDriver.execute(RemoteWebDriver.java:552)
at org.openqa.selenium.remote.RemoteWebElement.execute(RemoteWebElement.java:285)
at org.openqa.selenium.remote.RemoteWebElement.click(RemoteWebElement.java:84)
at org.openqa.selenium.support.pagefactory.internal.LocatingElementHandler.invoke(LocatingElementHandler.java:51)
at com.sun.proxy.$Proxy13.click(Unknown Source)
at com.courier91.pageObject.ScanOderPage.scanOrderId(ScanOderPage.java:98)
at com.courier91.script.TestC91.test_ScanTab_Functionality_Thorough_GlobalScanner(TestC91.java:121)
at java.base/java.util.ArrayList.forEach(ArrayList.java:1540)
... Removed 35 stack frames]]>
    </failure>
  </testcase> <!-- test_ScanTab_Functionality_Thorough_GlobalScanner -->
  <testcase classname="com.courier91.script.TestC91" name="test_ReadyToReturnFunctionality_Throught_globalScanner" time="4.267">
    <failure type="org.openqa.selenium.ElementClickInterceptedException" message="element click intercepted: Element &amp;lt;svg data-v-958a1482=&amp;quot;&amp;quot; xmlns=&amp;quot;http://www.w3.org/2000/svg&amp;quot; width=&amp;quot;18&amp;quot; height=&amp;quot;16&amp;quot; viewBox=&amp;quot;0 0 18 16&amp;quot;&amp;gt;...&amp;lt;/svg&amp;gt; is not clickable at point (24, 28). Other element would receive the click: &amp;lt;div data-v-89a92d88=&amp;quot;&amp;quot; data-v-958a1482=&amp;quot;&amp;quot; class=&amp;quot;loading&amp;quot;&amp;gt;...&amp;lt;/div&amp;gt;
  (Session info: chrome=81.0.4044.92)
Build info: version: &amp;apos;3.141.59&amp;apos;, revision: &amp;apos;e82be7d358&amp;apos;, time: &amp;apos;2018-11-14T08:17:03&amp;apos;
System info: host: &amp;apos;ashutosh-Vostro-3480&amp;apos;, ip: &amp;apos;127.0.1.1&amp;apos;, os.name: &amp;apos;Linux&amp;apos;, os.arch: &amp;apos;amd64&amp;apos;, os.version: &amp;apos;4.15.0-1079-oem&amp;apos;, java.version: &amp;apos;11.0.6&amp;apos;
Driver info: org.openqa.selenium.chrome.ChromeDriver
Capabilities {acceptInsecureCerts: false, browserName: chrome, browserVersion: 81.0.4044.92, chrome: {chromedriverVersion: 80.0.3987.106 (f68069574609..., userDataDir: /tmp/.com.google.Chrome.ey7WJc}, goog:chromeOptions: {debuggerAddress: localhost:35195}, javascriptEnabled: true, networkConnectionEnabled: false, pageLoadStrategy: normal, platform: LINUX, platformName: LINUX, proxy: Proxy(), setWindowRect: true, strictFileInteractability: false, timeouts: {implicit: 0, pageLoad: 300000, script: 30000}, unhandledPromptBehavior: dismiss and notify}
Session ID: 4fe1be7cc41b64e6f46406a90d950919">
      <![CDATA[org.openqa.selenium.ElementClickInterceptedException: element click intercepted: Element <svg data-v-958a1482="" xmlns="http://www.w3.org/2000/svg" width="18" height="16" viewBox="0 0 18 16">...</svg> is not clickable at point (24, 28). Other element would receive the click: <div data-v-89a92d88="" data-v-958a1482="" class="loading">...</div>
  (Session info: chrome=81.0.4044.92)
Build info: version: '3.141.59', revision: 'e82be7d358', time: '2018-11-14T08:17:03'
System info: host: 'ashutosh-Vostro-3480', ip: '127.0.1.1', os.name: 'Linux', os.arch: 'amd64', os.version: '4.15.0-1079-oem', java.version: '11.0.6'
Driver info: org.openqa.selenium.chrome.ChromeDriver
Capabilities {acceptInsecureCerts: false, browserName: chrome, browserVersion: 81.0.4044.92, chrome: {chromedriverVersion: 80.0.3987.106 (f68069574609..., userDataDir: /tmp/.com.google.Chrome.ey7WJc}, goog:chromeOptions: {debuggerAddress: localhost:35195}, javascriptEnabled: true, networkConnectionEnabled: false, pageLoadStrategy: normal, platform: LINUX, platformName: LINUX, proxy: Proxy(), setWindowRect: true, strictFileInteractability: false, timeouts: {implicit: 0, pageLoad: 300000, script: 30000}, unhandledPromptBehavior: dismiss and notify}
Session ID: 4fe1be7cc41b64e6f46406a90d950919
at org.openqa.selenium.remote.http.W3CHttpResponseCodec.createException(W3CHttpResponseCodec.java:187)
at org.openqa.selenium.remote.http.W3CHttpResponseCodec.decode(W3CHttpResponseCodec.java:122)
at org.openqa.selenium.remote.http.W3CHttpResponseCodec.decode(W3CHttpResponseCodec.java:49)
at org.openqa.selenium.remote.HttpCommandExecutor.execute(HttpCommandExecutor.java:158)
at org.openqa.selenium.remote.service.DriverCommandExecutor.execute(DriverCommandExecutor.java:83)
at org.openqa.selenium.remote.RemoteWebDriver.execute(RemoteWebDriver.java:552)
at org.openqa.selenium.remote.RemoteWebElement.execute(RemoteWebElement.java:285)
at org.openqa.selenium.remote.RemoteWebElement.click(RemoteWebElement.java:84)
at org.openqa.selenium.support.pagefactory.internal.LocatingElementHandler.invoke(LocatingElementHandler.java:51)
at com.sun.proxy.$Proxy13.click(Unknown Source)
at com.courier91.pageObject.BasePage.clickOnBackButton(BasePage.java:96)
at com.courier91.script.TestC91.test_ReadyToReturnFunctionality_Throught_globalScanner(TestC91.java:156)
at java.base/java.util.ArrayList.forEach(ArrayList.java:1540)
... Removed 35 stack frames]]>
    </failure>
  </testcase> <!-- test_ReadyToReturnFunctionality_Throught_globalScanner -->
  <testcase classname="com.courier91.script.TestC91" name="test_UnderprocessingFunctionality_Throught_globalScanner" time="0.0">
    <ignored/>
  </testcase> <!-- test_UnderprocessingFunctionality_Throught_globalScanner -->
  <testcase classname="com.courier91.script.TestC91" name="test_Global_Scanner_Functionality_Incoming_and_UnscannedTab" time="0.0">
    <ignored/>
  </testcase> <!-- test_Global_Scanner_Functionality_Incoming_and_UnscannedTab -->
  <testcase classname="com.courier91.script.TestC91" name="test_ToBePickedFunctionality_Throught_globalScanner" time="0.0">
    <ignored/>
  </testcase> <!-- test_ToBePickedFunctionality_Throught_globalScanner -->
  <testcase classname="com.courier91.script.TestC91" name="test_ToBeDeliveredFunctionality_Throught_globalScanner" time="0.0">
    <ignored/>
  </testcase> <!-- test_ToBeDeliveredFunctionality_Throught_globalScanner -->
  <testcase classname="com.courier91.script.TestC91" name="test_globalScanner_Functionality_UnscannedTab" time="0.0">
    <ignored/>
  </testcase> <!-- test_globalScanner_Functionality_UnscannedTab -->
</testsuite> <!-- Default test(failed) -->
